2019-10-09T14:26:45+00:00 CRITICAL Uncaught Error: Class 'WP_Queue' not found in /var/www/html/wp-content/plugins/mailchimp-for-woocommerce/includes/class-mailchimp-woocommerce.php:180
Stack trace:
#0 /var/www/html/wp-content/plugins/mailchimp-for-woocommerce/includes/class-mailchimp-woocommerce.php(126): MailChimp_WooCommerce->load_dependencies()
#1 /var/www/html/wp-content/plugins/mailchimp-for-woocommerce/bootstrap.php(1283): MailChimp_WooCommerce->__construct('production', '2.2.4')
#2 /var/www/html/wp-content/plugins/mailchimp-for-woocommerce/bootstrap.php(1294): run_mailchimp_woocommerce()
#3 /var/www/html/wp-includes/class-wp-hook.php(286): mailchimp_on_all_plugins_loaded('')
#4 /var/www/html/wp-includes/class-wp-hook.php(310): WP_Hook->apply_filters(NULL, Array)
#5 /var/www/html/wp-includes/plugin.php(465): WP_Hook->do_action(Array)
#6 /var/www/html/wp-settings.php(394): do_action('plugins_loaded')
#7 /var/www/html/wp-config.php(96): require_once('/var/www/html/w...')
#8 /var/www/html/wp-load.php(37): require_once('/var/www/html/w...')
, em /var/www/html/wp-content/plugins/mailchimp-for-woocommerce/includes/class-mailchimp-woocommerce.php, na linha 180

2019-10-09T14:26:49+00:00 CRITICAL Uncaught Error: Class 'WP_Queue' not found in /var/www/html/wp-content/plugins/mailchimp-for-woocommerce/includes/class-mailchimp-woocommerce.php:180
Stack trace:
#0 /var/www/html/wp-content/plugins/mailchimp-for-woocommerce/includes/class-mailchimp-woocommerce.php(126): MailChimp_WooCommerce->load_dependencies()
#1 /var/www/html/wp-content/plugins/mailchimp-for-woocommerce/bootstrap.php(1283): MailChimp_WooCommerce->__construct('production', '2.2.4')
#2 /var/www/html/wp-content/plugins/mailchimp-for-woocommerce/bootstrap.php(1294): run_mailchimp_woocommerce()
#3 /var/www/html/wp-includes/class-wp-hook.php(286): mailchimp_on_all_plugins_loaded('')
#4 /var/www/html/wp-includes/class-wp-hook.php(310): WP_Hook->apply_filters(NULL, Array)
#5 /var/www/html/wp-includes/plugin.php(465): WP_Hook->do_action(Array)
#6 /var/www/html/wp-settings.php(394): do_action('plugins_loaded')
#7 /var/www/html/wp-config.php(96): require_once('/var/www/html/w...')
#8 /var/www/html/wp-load.php(37): require_once('/var/www/html/w...')
, em /var/www/html/wp-content/plugins/mailchimp-for-woocommerce/includes/class-mailchimp-woocommerce.php, na linha 180

2019-10-09T14:26:54+00:00 CRITICAL Uncaught Error: Class 'WP_Queue' not found in /var/www/html/wp-content/plugins/mailchimp-for-woocommerce/includes/class-mailchimp-woocommerce.php:180
Stack trace:
#0 /var/www/html/wp-content/plugins/mailchimp-for-woocommerce/includes/class-mailchimp-woocommerce.php(126): MailChimp_WooCommerce->load_dependencies()
#1 /var/www/html/wp-content/plugins/mailchimp-for-woocommerce/bootstrap.php(1283): MailChimp_WooCommerce->__construct('production', '2.2.4')
#2 /var/www/html/wp-content/plugins/mailchimp-for-woocommerce/bootstrap.php(1294): run_mailchimp_woocommerce()
#3 /var/www/html/wp-includes/class-wp-hook.php(286): mailchimp_on_all_plugins_loaded('')
#4 /var/www/html/wp-includes/class-wp-hook.php(310): WP_Hook->apply_filters(NULL, Array)
#5 /var/www/html/wp-includes/plugin.php(465): WP_Hook->do_action(Array)
#6 /var/www/html/wp-settings.php(394): do_action('plugins_loaded')
#7 /var/www/html/wp-config.php(96): require_once('/var/www/html/w...')
#8 /var/www/html/wp-load.php(37): require_once('/var/www/html/w...')
, em /var/www/html/wp-content/plugins/mailchimp-for-woocommerce/includes/class-mailchimp-woocommerce.php, na linha 180

2019-10-09T14:27:31+00:00 CRITICAL Uncaught Error: Class 'WP_Queue' not found in /var/www/html/wp-content/plugins/mailchimp-for-woocommerce/includes/class-mailchimp-woocommerce.php:180
Stack trace:
#0 /var/www/html/wp-content/plugins/mailchimp-for-woocommerce/includes/class-mailchimp-woocommerce.php(126): MailChimp_WooCommerce->load_dependencies()
#1 /var/www/html/wp-content/plugins/mailchimp-for-woocommerce/bootstrap.php(1283): MailChimp_WooCommerce->__construct('production', '2.2.4')
#2 /var/www/html/wp-content/plugins/mailchimp-for-woocommerce/bootstrap.php(1294): run_mailchimp_woocommerce()
#3 /var/www/html/wp-includes/class-wp-hook.php(286): mailchimp_on_all_plugins_loaded('')
#4 /var/www/html/wp-includes/class-wp-hook.php(310): WP_Hook->apply_filters(NULL, Array)
#5 /var/www/html/wp-includes/plugin.php(465): WP_Hook->do_action(Array)
#6 /var/www/html/wp-settings.php(394): do_action('plugins_loaded')
#7 /var/www/html/wp-config.php(96): require_once('/var/www/html/w...')
#8 /var/www/html/wp-load.php(37): require_once('/var/www/html/w...')
, em /var/www/html/wp-content/plugins/mailchimp-for-woocommerce/includes/class-mailchimp-woocommerce.php, na linha 180

